2023-06-24 21:37:48,433 [Worker-5: Loading available Gradle versions] INFO  o.e.b.c.i.u.g.PublishedGradleVersions - Gradle version information cache is up-to-date. Trying to read.
2023-06-24 21:38:09,345 [Worker-15: Importing Maven projects] INFO  o.e.m.c.i.l.LifecycleMappingFactory - Using org.eclipse.m2e.jdt.JarLifecycleMapping lifecycle mapping for MavenProject: com.rrhh.uth:rrhh-empleados:1.0-SNAPSHOT @ C:\Users\DELL\Documents\Java-WorkSpace\rrhh_uth_app\rrhh-empleados\pom.xml.
2023-06-24 21:38:24,489 [Worker-1: Launching Executing install in C__Users_DELL_Documents_Java-WorkSpace_rrhh_uth_app_rrhh-empleados] INFO  o.eclipse.m2e.core.internal.Bundles - getClasspathEntries(Bundle=org.eclipse.m2e.maven.runtime_3.8.701.20230209-1606 [607])
2023-06-24 21:38:24,493 [Worker-1: Launching Executing install in C__Users_DELL_Documents_Java-WorkSpace_rrhh_uth_app_rrhh-empleados] INFO  o.eclipse.m2e.core.internal.Bundles - 	Entry: C:\Users\DELL\.p2\pool\plugins\org.eclipse.m2e.maven.runtime_3.8.701.20230209-1606
2023-06-24 21:38:24,493 [Worker-1: Launching Executing install in C__Users_DELL_Documents_Java-WorkSpace_rrhh_uth_app_rrhh-empleados] INFO  o.eclipse.m2e.core.internal.Bundles - 	Entry: C:\Users\DELL\.p2\pool\plugins\org.eclipse.m2e.maven.runtime_3.8.701.20230209-1606\jars\aether-connector-okhttp-0.17.8.jar
2023-06-24 21:38:24,493 [Worker-1: Launching Executing install in C__Users_DELL_Documents_Java-WorkSpace_rrhh_uth_app_rrhh-empleados] INFO  o.eclipse.m2e.core.internal.Bundles - 	Entry: C:\Users\DELL\.p2\pool\plugins\org.eclipse.m2e.maven.runtime_3.8.701.20230209-1606\jars\commons-lang3-3.8.1.jar
2023-06-24 21:38:24,494 [Worker-1: Launching Executing install in C__Users_DELL_Documents_Java-WorkSpace_rrhh_uth_app_rrhh-empleados] INFO  o.eclipse.m2e.core.internal.Bundles - 	Entry: C:\Users\DELL\.p2\pool\plugins\org.eclipse.m2e.maven.runtime_3.8.701.20230209-1606\jars\guice-4.2.2-no_aop.jar
2023-06-24 21:38:24,494 [Worker-1: Launching Executing install in C__Users_DELL_Documents_Java-WorkSpace_rrhh_uth_app_rrhh-empleados] INFO  o.eclipse.m2e.core.internal.Bundles - 	Entry: C:\Users\DELL\.p2\pool\plugins\org.eclipse.m2e.maven.runtime_3.8.701.20230209-1606\jars\jansi-2.4.0.jar
2023-06-24 21:38:24,494 [Worker-1: Launching Executing install in C__Users_DELL_Documents_Java-WorkSpace_rrhh_uth_app_rrhh-empleados] INFO  o.eclipse.m2e.core.internal.Bundles - 	Entry: C:\Users\DELL\.p2\pool\plugins\org.eclipse.m2e.maven.runtime_3.8.701.20230209-1606\jars\maven-artifact-3.8.7.jar
2023-06-24 21:38:24,495 [Worker-1: Launching Executing install in C__Users_DELL_Documents_Java-WorkSpace_rrhh_uth_app_rrhh-empleados] INFO  o.eclipse.m2e.core.internal.Bundles - 	Entry: C:\Users\DELL\.p2\pool\plugins\org.eclipse.m2e.maven.runtime_3.8.701.20230209-1606\jars\maven-builder-support-3.8.7.jar
2023-06-24 21:38:24,495 [Worker-1: Launching Executing install in C__Users_DELL_Documents_Java-WorkSpace_rrhh_uth_app_rrhh-empleados] INFO  o.eclipse.m2e.core.internal.Bundles - 	Entry: C:\Users\DELL\.p2\pool\plugins\org.eclipse.m2e.maven.runtime_3.8.701.20230209-1606\jars\maven-compat-3.8.7.jar
2023-06-24 21:38:24,496 [Worker-1: Launching Executing install in C__Users_DELL_Documents_Java-WorkSpace_rrhh_uth_app_rrhh-empleados] INFO  o.eclipse.m2e.core.internal.Bundles - 	Entry: C:\Users\DELL\.p2\pool\plugins\org.eclipse.m2e.maven.runtime_3.8.701.20230209-1606\jars\maven-core-3.8.7.jar
2023-06-24 21:38:24,496 [Worker-1: Launching Executing install in C__Users_DELL_Documents_Java-WorkSpace_rrhh_uth_app_rrhh-empleados] INFO  o.eclipse.m2e.core.internal.Bundles - 	Entry: C:\Users\DELL\.p2\pool\plugins\org.eclipse.m2e.maven.runtime_3.8.701.20230209-1606\jars\maven-embedder-3.8.7.jar
2023-06-24 21:38:24,496 [Worker-1: Launching Executing install in C__Users_DELL_Documents_Java-WorkSpace_rrhh_uth_app_rrhh-empleados] INFO  o.eclipse.m2e.core.internal.Bundles - 	Entry: C:\Users\DELL\.p2\pool\plugins\org.eclipse.m2e.maven.runtime_3.8.701.20230209-1606\jars\maven-model-3.8.7.jar
2023-06-24 21:38:24,497 [Worker-1: Launching Executing install in C__Users_DELL_Documents_Java-WorkSpace_rrhh_uth_app_rrhh-empleados] INFO  o.eclipse.m2e.core.internal.Bundles - 	Entry: C:\Users\DELL\.p2\pool\plugins\org.eclipse.m2e.maven.runtime_3.8.701.20230209-1606\jars\maven-model-builder-3.8.7.jar
2023-06-24 21:38:24,497 [Worker-1: Launching Executing install in C__Users_DELL_Documents_Java-WorkSpace_rrhh_uth_app_rrhh-empleados] INFO  o.eclipse.m2e.core.internal.Bundles - 	Entry: C:\Users\DELL\.p2\pool\plugins\org.eclipse.m2e.maven.runtime_3.8.701.20230209-1606\jars\maven-plugin-api-3.8.7.jar
2023-06-24 21:38:24,497 [Worker-1: Launching Executing install in C__Users_DELL_Documents_Java-WorkSpace_rrhh_uth_app_rrhh-empleados] INFO  o.eclipse.m2e.core.internal.Bundles - 	Entry: C:\Users\DELL\.p2\pool\plugins\org.eclipse.m2e.maven.runtime_3.8.701.20230209-1606\jars\maven-repository-metadata-3.8.7.jar
2023-06-24 21:38:24,498 [Worker-1: Launching Executing install in C__Users_DELL_Documents_Java-WorkSpace_rrhh_uth_app_rrhh-empleados] INFO  o.eclipse.m2e.core.internal.Bundles - 	Entry: C:\Users\DELL\.p2\pool\plugins\org.eclipse.m2e.maven.runtime_3.8.701.20230209-1606\jars\maven-resolver-api-1.6.3.jar
2023-06-24 21:38:24,498 [Worker-1: Launching Executing install in C__Users_DELL_Documents_Java-WorkSpace_rrhh_uth_app_rrhh-empleados] INFO  o.eclipse.m2e.core.internal.Bundles - 	Entry: C:\Users\DELL\.p2\pool\plugins\org.eclipse.m2e.maven.runtime_3.8.701.20230209-1606\jars\maven-resolver-connector-basic-1.6.3.jar
2023-06-24 21:38:24,498 [Worker-1: Launching Executing install in C__Users_DELL_Documents_Java-WorkSpace_rrhh_uth_app_rrhh-empleados] INFO  o.eclipse.m2e.core.internal.Bundles - 	Entry: C:\Users\DELL\.p2\pool\plugins\org.eclipse.m2e.maven.runtime_3.8.701.20230209-1606\jars\maven-resolver-impl-1.6.3.jar
2023-06-24 21:38:24,498 [Worker-1: Launching Executing install in C__Users_DELL_Documents_Java-WorkSpace_rrhh_uth_app_rrhh-empleados] INFO  o.eclipse.m2e.core.internal.Bundles - 	Entry: C:\Users\DELL\.p2\pool\plugins\org.eclipse.m2e.maven.runtime_3.8.701.20230209-1606\jars\maven-resolver-provider-3.8.7.jar
2023-06-24 21:38:24,499 [Worker-1: Launching Executing install in C__Users_DELL_Documents_Java-WorkSpace_rrhh_uth_app_rrhh-empleados] INFO  o.eclipse.m2e.core.internal.Bundles - 	Entry: C:\Users\DELL\.p2\pool\plugins\org.eclipse.m2e.maven.runtime_3.8.701.20230209-1606\jars\maven-resolver-spi-1.6.3.jar
2023-06-24 21:38:24,501 [Worker-1: Launching Executing install in C__Users_DELL_Documents_Java-WorkSpace_rrhh_uth_app_rrhh-empleados] INFO  o.eclipse.m2e.core.internal.Bundles - 	Entry: C:\Users\DELL\.p2\pool\plugins\org.eclipse.m2e.maven.runtime_3.8.701.20230209-1606\jars\maven-resolver-transport-wagon-1.6.3.jar
2023-06-24 21:38:24,502 [Worker-1: Launching Executing install in C__Users_DELL_Documents_Java-WorkSpace_rrhh_uth_app_rrhh-empleados] INFO  o.eclipse.m2e.core.internal.Bundles - 	Entry: C:\Users\DELL\.p2\pool\plugins\org.eclipse.m2e.maven.runtime_3.8.701.20230209-1606\jars\maven-resolver-util-1.6.3.jar
2023-06-24 21:38:24,502 [Worker-1: Launching Executing install in C__Users_DELL_Documents_Java-WorkSpace_rrhh_uth_app_rrhh-empleados] INFO  o.eclipse.m2e.core.internal.Bundles - 	Entry: C:\Users\DELL\.p2\pool\plugins\org.eclipse.m2e.maven.runtime_3.8.701.20230209-1606\jars\maven-settings-3.8.7.jar
2023-06-24 21:38:24,503 [Worker-1: Launching Executing install in C__Users_DELL_Documents_Java-WorkSpace_rrhh_uth_app_rrhh-empleados] INFO  o.eclipse.m2e.core.internal.Bundles - 	Entry: C:\Users\DELL\.p2\pool\plugins\org.eclipse.m2e.maven.runtime_3.8.701.20230209-1606\jars\maven-settings-builder-3.8.7.jar
2023-06-24 21:38:24,503 [Worker-1: Launching Executing install in C__Users_DELL_Documents_Java-WorkSpace_rrhh_uth_app_rrhh-empleados] INFO  o.eclipse.m2e.core.internal.Bundles - 	Entry: C:\Users\DELL\.p2\pool\plugins\org.eclipse.m2e.maven.runtime_3.8.701.20230209-1606\jars\maven-shared-utils-3.3.4.jar
2023-06-24 21:38:24,503 [Worker-1: Launching Executing install in C__Users_DELL_Documents_Java-WorkSpace_rrhh_uth_app_rrhh-empleados] INFO  o.eclipse.m2e.core.internal.Bundles - 	Entry: C:\Users\DELL\.p2\pool\plugins\org.eclipse.m2e.maven.runtime_3.8.701.20230209-1606\jars\okhttp-3.14.1.jar
2023-06-24 21:38:24,503 [Worker-1: Launching Executing install in C__Users_DELL_Documents_Java-WorkSpace_rrhh_uth_app_rrhh-empleados] INFO  o.eclipse.m2e.core.internal.Bundles - 	Entry: C:\Users\DELL\.p2\pool\plugins\org.eclipse.m2e.maven.runtime_3.8.701.20230209-1606\jars\okio-1.17.3.jar
2023-06-24 21:38:24,504 [Worker-1: Launching Executing install in C__Users_DELL_Documents_Java-WorkSpace_rrhh_uth_app_rrhh-empleados] INFO  o.eclipse.m2e.core.internal.Bundles - 	Entry: C:\Users\DELL\.p2\pool\plugins\org.eclipse.m2e.maven.runtime_3.8.701.20230209-1606\jars\org.eclipse.sisu.inject-0.3.5.jar
2023-06-24 21:38:24,504 [Worker-1: Launching Executing install in C__Users_DELL_Documents_Java-WorkSpace_rrhh_uth_app_rrhh-empleados] INFO  o.eclipse.m2e.core.internal.Bundles - 	Entry: C:\Users\DELL\.p2\pool\plugins\org.eclipse.m2e.maven.runtime_3.8.701.20230209-1606\jars\org.eclipse.sisu.plexus-0.3.5.jar
2023-06-24 21:38:24,504 [Worker-1: Launching Executing install in C__Users_DELL_Documents_Java-WorkSpace_rrhh_uth_app_rrhh-empleados] INFO  o.eclipse.m2e.core.internal.Bundles - 	Entry: C:\Users\DELL\.p2\pool\plugins\org.eclipse.m2e.maven.runtime_3.8.701.20230209-1606\jars\plexus-build-api-0.0.7.jar
2023-06-24 21:38:24,506 [Worker-1: Launching Executing install in C__Users_DELL_Documents_Java-WorkSpace_rrhh_uth_app_rrhh-empleados] INFO  o.eclipse.m2e.core.internal.Bundles - 	Entry: C:\Users\DELL\.p2\pool\plugins\org.eclipse.m2e.maven.runtime_3.8.701.20230209-1606\jars\plexus-cipher-2.0.jar
2023-06-24 21:38:24,507 [Worker-1: Launching Executing install in C__Users_DELL_Documents_Java-WorkSpace_rrhh_uth_app_rrhh-empleados] INFO  o.eclipse.m2e.core.internal.Bundles - 	Entry: C:\Users\DELL\.p2\pool\plugins\org.eclipse.m2e.maven.runtime_3.8.701.20230209-1606\jars\plexus-classworlds-2.6.0.jar
2023-06-24 21:38:24,507 [Worker-1: Launching Executing install in C__Users_DELL_Documents_Java-WorkSpace_rrhh_uth_app_rrhh-empleados] INFO  o.eclipse.m2e.core.internal.Bundles - 	Entry: C:\Users\DELL\.p2\pool\plugins\org.eclipse.m2e.maven.runtime_3.8.701.20230209-1606\jars\plexus-component-annotations-2.1.0.jar
2023-06-24 21:38:24,508 [Worker-1: Launching Executing install in C__Users_DELL_Documents_Java-WorkSpace_rrhh_uth_app_rrhh-empleados] INFO  o.eclipse.m2e.core.internal.Bundles - 	Entry: C:\Users\DELL\.p2\pool\plugins\org.eclipse.m2e.maven.runtime_3.8.701.20230209-1606\jars\plexus-interpolation-1.26.jar
2023-06-24 21:38:24,508 [Worker-1: Launching Executing install in C__Users_DELL_Documents_Java-WorkSpace_rrhh_uth_app_rrhh-empleados] INFO  o.eclipse.m2e.core.internal.Bundles - 	Entry: C:\Users\DELL\.p2\pool\plugins\org.eclipse.m2e.maven.runtime_3.8.701.20230209-1606\jars\plexus-sec-dispatcher-2.0.jar
2023-06-24 21:38:24,509 [Worker-1: Launching Executing install in C__Users_DELL_Documents_Java-WorkSpace_rrhh_uth_app_rrhh-empleados] INFO  o.eclipse.m2e.core.internal.Bundles - 	Entry: C:\Users\DELL\.p2\pool\plugins\org.eclipse.m2e.maven.runtime_3.8.701.20230209-1606\jars\plexus-utils-3.3.1.jar
2023-06-24 21:38:24,509 [Worker-1: Launching Executing install in C__Users_DELL_Documents_Java-WorkSpace_rrhh_uth_app_rrhh-empleados] INFO  o.eclipse.m2e.core.internal.Bundles - 	Entry: C:\Users\DELL\.p2\pool\plugins\org.eclipse.m2e.maven.runtime_3.8.701.20230209-1606\jars\wagon-file-3.5.3.jar
2023-06-24 21:38:24,509 [Worker-1: Launching Executing install in C__Users_DELL_Documents_Java-WorkSpace_rrhh_uth_app_rrhh-empleados] INFO  o.eclipse.m2e.core.internal.Bundles - 	Entry: C:\Users\DELL\.p2\pool\plugins\org.eclipse.m2e.maven.runtime_3.8.701.20230209-1606\jars\wagon-provider-api-3.5.3.jar
2023-06-24 21:38:24,512 [Worker-1: Launching Executing install in C__Users_DELL_Documents_Java-WorkSpace_rrhh_uth_app_rrhh-empleados] INFO  o.eclipse.m2e.core.internal.Bundles - getClasspathEntries(Bundle=com.google.guava_31.1.0.jre [11])
2023-06-24 21:38:24,514 [Worker-1: Launching Executing install in C__Users_DELL_Documents_Java-WorkSpace_rrhh_uth_app_rrhh-empleados] INFO  o.eclipse.m2e.core.internal.Bundles - 	Entry: C:\Users\DELL\.p2\pool\plugins\com.google.guava_31.1.0.jre.jar
2023-06-24 21:38:24,514 [Worker-1: Launching Executing install in C__Users_DELL_Documents_Java-WorkSpace_rrhh_uth_app_rrhh-empleados] INFO  o.eclipse.m2e.core.internal.Bundles - getClasspathEntries(Bundle=slf4j.api_1.7.36 [921])
2023-06-24 21:38:24,518 [Worker-1: Launching Executing install in C__Users_DELL_Documents_Java-WorkSpace_rrhh_uth_app_rrhh-empleados] INFO  o.eclipse.m2e.core.internal.Bundles - 	Entry: C:\Users\DELL\.p2\pool\plugins\slf4j.api_1.7.36.jar
2023-06-24 21:38:24,518 [Worker-1: Launching Executing install in C__Users_DELL_Documents_Java-WorkSpace_rrhh_uth_app_rrhh-empleados] INFO  o.eclipse.m2e.core.internal.Bundles - getClasspathEntries(Bundle=javax.inject_1.0.0.v20220405-0441 [35])
2023-06-24 21:38:24,521 [Worker-1: Launching Executing install in C__Users_DELL_Documents_Java-WorkSpace_rrhh_uth_app_rrhh-empleados] INFO  o.eclipse.m2e.core.internal.Bundles - 	Entry: C:\Users\DELL\.p2\pool\plugins\javax.inject_1.0.0.v20220405-0441.jar
2023-06-24 21:38:24,521 [Worker-1: Launching Executing install in C__Users_DELL_Documents_Java-WorkSpace_rrhh_uth_app_rrhh-empleados] INFO  o.eclipse.m2e.core.internal.Bundles - getClasspathEntries(Bundle=javax.annotation_1.3.5.v20221203-1659 [33])
2023-06-24 21:38:24,522 [Worker-1: Launching Executing install in C__Users_DELL_Documents_Java-WorkSpace_rrhh_uth_app_rrhh-empleados] INFO  o.eclipse.m2e.core.internal.Bundles - 	Entry: C:\Users\DELL\.p2\pool\plugins\javax.annotation_1.3.5.v20221203-1659.jar
2023-06-24 21:38:24,523 [Worker-1: Launching Executing install in C__Users_DELL_Documents_Java-WorkSpace_rrhh_uth_app_rrhh-empleados] INFO  o.eclipse.m2e.core.internal.Bundles - getClasspathEntries(Bundle=org.apache.commons.cli_1.4.0.v20221112-0806 [67])
2023-06-24 21:38:24,524 [Worker-1: Launching Executing install in C__Users_DELL_Documents_Java-WorkSpace_rrhh_uth_app_rrhh-empleados] INFO  o.eclipse.m2e.core.internal.Bundles - 	Entry: C:\Users\DELL\.p2\pool\plugins\org.apache.commons.cli_1.4.0.v20221112-0806.jar
2023-06-24 21:38:24,525 [Worker-1: Launching Executing install in C__Users_DELL_Documents_Java-WorkSpace_rrhh_uth_app_rrhh-empleados] INFO  o.eclipse.m2e.core.internal.Bundles - getClasspathEntries(Bundle=com.google.guava.failureaccess_1.0.1 [13])
2023-06-24 21:38:24,527 [Worker-1: Launching Executing install in C__Users_DELL_Documents_Java-WorkSpace_rrhh_uth_app_rrhh-empleados] INFO  o.eclipse.m2e.core.internal.Bundles - 	Entry: C:\Users\DELL\.p2\pool\plugins\com.google.guava.failureaccess_1.0.1.jar
2023-06-24 21:38:24,540 [Worker-1: Launching Executing install in C__Users_DELL_Documents_Java-WorkSpace_rrhh_uth_app_rrhh-empleados] INFO  o.e.m.i.launch.MavenLaunchDelegate - Run build in "C:\Users\DELL\Documents\Java-WorkSpace\rrhh_uth_app\rrhh-empleados":
2023-06-24 21:38:24,545 [Worker-1: Launching Executing install in C__Users_DELL_Documents_Java-WorkSpace_rrhh_uth_app_rrhh-empleados] INFO  o.e.m.i.launch.MavenLaunchDelegate -  mvn  -B -Dstyle.color=always install
2023-06-24 21:38:35,771 [Worker-15: Importing Maven projects] INFO  org.reflections.Reflections - Reflections took 2572 ms to scan 163 urls, producing 8955 keys and 44067 values
2023-06-24 21:38:35,812 [Worker-15: Importing Maven projects] INFO  c.v.f.s.f.TaskCopyFrontendFiles - Copying frontend resources from jar files ...
2023-06-24 21:38:36,071 [Worker-15: Importing Maven projects] INFO  c.v.f.s.f.TaskCopyFrontendFiles - Visited 162 resources. Took 258 ms.
2023-06-24 21:38:36,222 [Worker-15: Importing Maven projects] INFO  o.e.m.j.i.AbstractJavaProjectConfigurator - Adding source folder /rrhh-empleados/src/main/java
2023-06-24 21:38:36,222 [Worker-15: Importing Maven projects] INFO  o.e.m.j.i.AbstractJavaProjectConfigurator - Adding resource folder /rrhh-empleados/src/main/resources
2023-06-24 21:38:36,223 [Worker-15: Importing Maven projects] INFO  o.e.m.j.i.AbstractJavaProjectConfigurator - Adding resource folder /rrhh-empleados/src/main/resources
2023-06-24 21:38:36,223 [Worker-15: Importing Maven projects] INFO  o.e.m.j.i.AbstractJavaProjectConfigurator - Adding source folder /rrhh-empleados/src/test/java
2023-06-24 21:38:37,068 [Worker-15: Importing Maven projects] INFO  o.e.m.c.i.p.ProjectConfigurationManager - Imported and configured 1 project(s) in 30 sec
2023-06-24 21:38:38,009 [Worker-0: Updating Maven Project] INFO  o.e.m.c.i.p.ProjectConfigurationManager - Update started
2023-06-24 21:38:38,402 [Worker-0: Updating Maven Project] INFO  o.e.m.c.i.l.LifecycleMappingFactory - Using org.eclipse.m2e.jdt.JarLifecycleMapping lifecycle mapping for MavenProject: com.rrhh.uth:rrhh-empleados:1.0-SNAPSHOT @ C:\Users\DELL\Documents\Java-WorkSpace\rrhh_uth_app\rrhh-empleados\pom.xml.
2023-06-24 21:38:45,626 [Worker-0: Updating Maven Project] INFO  org.reflections.Reflections - Reflections took 2158 ms to scan 163 urls, producing 8955 keys and 44067 values
2023-06-24 21:38:45,667 [Worker-0: Updating Maven Project] INFO  c.v.f.s.f.TaskCopyFrontendFiles - Copying frontend resources from jar files ...
2023-06-24 21:38:45,872 [Worker-0: Updating Maven Project] INFO  c.v.f.s.f.TaskCopyFrontendFiles - Visited 162 resources. Took 205 ms.
2023-06-24 21:38:45,989 [Worker-0: Updating Maven Project] INFO  o.e.m.j.i.AbstractJavaProjectConfigurator - Adding source folder /rrhh-empleados/src/main/java
2023-06-24 21:38:45,990 [Worker-0: Updating Maven Project] INFO  o.e.m.j.i.AbstractJavaProjectConfigurator - Adding resource folder /rrhh-empleados/src/main/resources
2023-06-24 21:38:45,990 [Worker-0: Updating Maven Project] INFO  o.e.m.j.i.AbstractJavaProjectConfigurator - Adding resource folder /rrhh-empleados/src/main/resources
2023-06-24 21:38:45,991 [Worker-0: Updating Maven Project] INFO  o.e.m.j.i.AbstractJavaProjectConfigurator - Adding source folder /rrhh-empleados/src/test/java
2023-06-24 21:38:47,810 [Worker-0: Updating Maven Project] INFO  o.e.m.c.i.p.ProjectConfigurationManager - Update completed for 1 poms: local refresh takes 0.00 sec, refresh facades takes 1.00 sec, update config takes 6.00 sec 
2023-06-24 21:38:48,752 [Worker-12: Building] INFO  o.a.m.s.f.DefaultMavenResourcesFiltering - Copying 1 resource from src\main\resources to target\classes
2023-06-24 21:38:48,770 [Worker-12: Building] INFO  o.a.m.s.f.DefaultMavenResourcesFiltering - Copying 3 resources from src\main\resources to target\classes
2023-06-24 21:38:52,541 [Worker-12: Building] INFO  org.reflections.Reflections - Reflections took 1108 ms to scan 163 urls, producing 8955 keys and 44067 values
2023-06-24 21:38:52,549 [Worker-12: Building] INFO  c.v.f.s.f.TaskCopyFrontendFiles - Copying frontend resources from jar files ...
2023-06-24 21:38:52,755 [Worker-12: Building] INFO  c.v.f.s.f.TaskCopyFrontendFiles - Visited 162 resources. Took 205 ms.
2023-06-24 21:38:52,764 [Worker-12: Building] INFO  o.a.m.s.f.DefaultMavenResourcesFiltering - skip non existing resourceDirectory C:\Users\DELL\Documents\Java-WorkSpace\rrhh_uth_app\rrhh-empleados\src\test\resources
